<?xml version="1.0" encoding="UTF-8"?>
<!-- Generated by org.testng.reporters.JUnitReportReporter -->
<testsuite skipped="1" hostname="AMX-RL-19-255-W" name="com.org.qa.testcases.CreateLeadPage" tests="6" failures="0" timestamp="11 Dec 2020 16:05:24 GMT" time="4.696" errors="0">
  <testcase name="verifypagename" time="0.057" classname="com.org.qa.testcases.CreateLeadPage"/>
  <testcase name="verifypagetitle" time="0.027" classname="com.org.qa.testcases.CreateLeadPage"/>
  <testcase name="verifyPage" time="4.541" classname="com.org.qa.testcases.CreateLeadPage"/>
  <testcase name="verifyfirstname" time="0.060" classname="com.org.qa.testcases.CreateLeadPage"/>
  <testcase name="verifyleadtitle" time="0.011" classname="com.org.qa.testcases.CreateLeadPage"/>
  <testcase name="verifyPage" classname="com.org.qa.testcases.CreateLeadPage">
    <skipped/>
  </testcase> <!-- verifyPage -->
</testsuite> <!-- com.org.qa.testcases.CreateLeadPage -->
