<?xml version="1.0" encoding="UTF-8"?>
<!-- Generated by org.testng.reporters.JUnitReportReporter -->
<testsuite hostname="AMX-RL-19-255-W" failures="0" tests="1" name="com.org.qa.testcases.LoginPageTest" time="0.070" errors="0" timestamp="26 Jul 2020 12:23:12 GMT" skipped="0">
  <testcase classname="com.org.qa.testcases.LoginPageTest" name="verifylogo" time="0.070"/>
</testsuite> <!-- com.org.qa.testcases.LoginPageTest -->
