<?xml version="1.0" encoding="UTF-8"?>
<!-- Generated by org.testng.reporters.JUnitReportReporter -->
<testsuite hostname="AMX-RL-19-255-W" failures="0" tests="1" name="Practices.Pages.EditLeadPage" time="30.899" errors="0" timestamp="06 Jun 2020 10:01:34 GMT" skipped="0">
  <testcase classname="Practices.Pages.EditLeadPage" name="editLead" time="30.899"/>
</testsuite> <!-- Practices.Pages.EditLeadPage -->
