<?xml version="1.0" encoding="UTF-8"?>
<!-- Generated by org.testng.reporters.JUnitReportReporter -->
<testsuite hostname="AMX-RL-19-255-W" failures="0" tests="5" name="Practices.Pages.TestNGClass" time="4.686" errors="0" timestamp="19 Jul 2020 14:29:16 GMT" skipped="0">
  <testcase classname="Practices.Pages.TestNGClass" name="name" time="0.147"/>
  <testcase classname="Practices.Pages.TestNGClass" name="Login" time="0.783"/>
  <testcase classname="Practices.Pages.TestNGClass" name="crm" time="2.562"/>
  <testcase classname="Practices.Pages.TestNGClass" name="cname" time="0.127"/>
  <testcase classname="Practices.Pages.TestNGClass" name="lead" time="1.067"/>
</testsuite> <!-- Practices.Pages.TestNGClass -->
