<?xml version="1.0" encoding="UTF-8"?>
<!-- Generated by org.testng.reporters.JUnitReportReporter -->
<testsuite hostname="AMX-RL-19-255-W" failures="0" tests="1" name="Practices.Pages.CreateLeadPage" time="19.182" errors="0" timestamp="06 Jun 2020 15:53:16 GMT" skipped="0">
  <testcase classname="Practices.Pages.CreateLeadPage" name="createLead" time="19.182"/>
</testsuite> <!-- Practices.Pages.CreateLeadPage -->
