<?xml version="1.0" encoding="UTF-8"?>
<!-- Generated by org.testng.reporters.JUnitReportReporter -->
<testsuite hostname="AMX-RL-19-255-W" failures="0" tests="1" name="Practices.Pages.DeleteLeadPage" time="27.839" errors="0" timestamp="06 Jun 2020 10:54:36 GMT" skipped="0">
  <testcase classname="Practices.Pages.DeleteLeadPage" name="deleteLeads" time="27.839"/>
</testsuite> <!-- Practices.Pages.DeleteLeadPage -->
