<?xml version="1.0" encoding="UTF-8"?>
<!-- Generated by org.testng.reporters.JUnitReportReporter -->
<testsuite hostname="AMX-RL-19-255-W" failures="0" tests="1" name="Practices.Pages.DuplicateLeadPage" time="24.866" errors="0" timestamp="06 Jun 2020 10:37:53 GMT" skipped="0">
  <testcase classname="Practices.Pages.DuplicateLeadPage" name="duplicateLead" time="24.866"/>
</testsuite> <!-- Practices.Pages.DuplicateLeadPage -->
