<?xml version="1.0" encoding="UTF-8"?>
<!-- Generated by org.testng.reporters.JUnitReportReporter -->
<testsuite hostname="AMX-RL-19-255-W" failures="0" tests="1" name="com.org.qa.testcases.LoginPageTest" time="0.116" errors="0" timestamp="02 Aug 2020 09:36:40 GMT" skipped="0">
  <testcase classname="com.org.qa.testcases.LoginPageTest" name="verifylogo" time="0.116"/>
</testsuite> <!-- com.org.qa.testcases.LoginPageTest -->
