<?xml version="1.0" encoding="UTF-8"?>
<!-- Generated by org.testng.reporters.JUnitReportReporter -->
<testsuite skipped="1" hostname="AMX-RL-19-255-W" name="com.org.qa.testcases.CreateLeadPage" tests="6" failures="0" timestamp="04 Jan 2021 07:38:13 GMT" time="7.100" errors="0">
  <testcase name="verifypagename" time="0.082" classname="com.org.qa.testcases.CreateLeadPage"/>
  <testcase name="verifypagetitle" time="0.048" classname="com.org.qa.testcases.CreateLeadPage"/>
  <testcase name="verifyPage" time="6.883" classname="com.org.qa.testcases.CreateLeadPage"/>
  <testcase name="verifyfirstname" time="0.077" classname="com.org.qa.testcases.CreateLeadPage"/>
  <testcase name="verifyleadtitle" time="0.010" classname="com.org.qa.testcases.CreateLeadPage"/>
  <testcase name="verifyPage" classname="com.org.qa.testcases.CreateLeadPage">
    <skipped/>
  </testcase> <!-- verifyPage -->
</testsuite> <!-- com.org.qa.testcases.CreateLeadPage -->
