<?xml version="1.0" encoding="UTF-8"?>
<!-- Generated by org.testng.reporters.JUnitReportReporter -->
<testsuite skipped="5" hostname="AMX-RL-19-255-W" name="com.org.qa.testcases.CreateLeadPage" tests="6" failures="0" timestamp="28 Aug 2020 01:26:46 GMT" time="20.356" errors="0">
  <testcase name="verifyPage" time="20.356" classname="com.org.qa.testcases.CreateLeadPage"/>
  <testcase name="verifypagetitle" classname="com.org.qa.testcases.CreateLeadPage">
    <skipped/>
  </testcase> <!-- verifypagetitle -->
  <testcase name="verifyPage" classname="com.org.qa.testcases.CreateLeadPage">
    <skipped/>
  </testcase> <!-- verifyPage -->
  <testcase name="verifypagename" classname="com.org.qa.testcases.CreateLeadPage">
    <skipped/>
  </testcase> <!-- verifypagename -->
  <testcase name="verifyleadtitle" classname="com.org.qa.testcases.CreateLeadPage">
    <skipped/>
  </testcase> <!-- verifyleadtitle -->
  <testcase name="verifyfirstname" classname="com.org.qa.testcases.CreateLeadPage">
    <skipped/>
  </testcase> <!-- verifyfirstname -->
</testsuite> <!-- com.org.qa.testcases.CreateLeadPage -->
