<?xml version="1.0" encoding="UTF-8"?>
<!-- Generated by org.testng.reporters.JUnitReportReporter -->
<testsuite hostname="AMX-RL-19-255-W" failures="0" tests="5" name="com.org.qa.testcases.CreateLeadPage" time="20.397" errors="0" timestamp="02 Aug 2020 09:36:40 GMT" skipped="4">
  <testcase classname="com.org.qa.testcases.CreateLeadPage" name="verifyPage" time="20.397"/>
  <testcase classname="com.org.qa.testcases.CreateLeadPage" name="verifypagetitle">
    <skipped/>
  </testcase> <!-- verifypagetitle -->
  <testcase classname="com.org.qa.testcases.CreateLeadPage" name="verifyPage">
    <skipped/>
  </testcase> <!-- verifyPage -->
  <testcase classname="com.org.qa.testcases.CreateLeadPage" name="verifypagename">
    <skipped/>
  </testcase> <!-- verifypagename -->
  <testcase classname="com.org.qa.testcases.CreateLeadPage" name="verifyleadtitle">
    <skipped/>
  </testcase> <!-- verifyleadtitle -->
</testsuite> <!-- com.org.qa.testcases.CreateLeadPage -->
