<?xml version="1.0" encoding="UTF-8"?>
<!-- Generated by org.testng.reporters.JUnitReportReporter -->
<testsuite hostname="AMX-RL-19-255-W" failures="0" tests="3" name="com.org.qa.testcases.LoginPageTest" time="6.707" errors="0" timestamp="26 Jul 2020 14:51:03 GMT" skipped="0">
  <testcase classname="com.org.qa.testcases.LoginPageTest" name="verifylogo" time="0.174"/>
  <testcase classname="com.org.qa.testcases.LoginPageTest" name="verifyPageTitle" time="0.011"/>
  <testcase classname="com.org.qa.testcases.LoginPageTest" name="loginTest" time="6.522"/>
</testsuite> <!-- com.org.qa.testcases.LoginPageTest -->
