<?xml version="1.0" encoding="UTF-8"?>
<!-- Generated by org.testng.reporters.JUnitReportReporter -->
<testsuite hostname="AMX-RL-19-255-W" failures="0" tests="1" name="com.org.qa.testcases.LoginPageTest" time="0.153" errors="0" timestamp="02 Aug 2020 10:47:05 GMT" skipped="0">
  <testcase classname="com.org.qa.testcases.LoginPageTest" name="verifylogo" time="0.153"/>
</testsuite> <!-- com.org.qa.testcases.LoginPageTest -->
